nohup: ignoring input

> frontend@0.1.0 dev /home/jgu2/17437/s26_team_11/frontend
> next dev

▲ Next.js 16.1.7 (Turbopack)
- Local:         http://localhost:3000
- Network:       http://10.255.255.254:3000
- Environments: .env.local

✓ Starting...
✓ Ready in 2.2s
○ Compiling / ...
 GET / 200 in 5.4s (compile: 5.0s, render: 390ms)
 GET / 200 in 282ms (compile: 150ms, render: 131ms)
⚠ Fast Refresh had to perform a full reload when ./src/lib/DataProvider.tsx changed. Read more: https://nextjs.org/docs/messages/fast-refresh-reload
✓ Compiled in 0ms
⨯ ReferenceError: isDemo is not defined
    at DataProvider (src/lib/DataProvider.tsx:89:7)
  87 |       cancelled = true;
  88 |     };
> 89 |   }, [isDemo, user.id]);
     |       ^
  90 |
  91 |   const refreshMarkets = useCallback(async () => {
  92 |     const mkts = await api.listMarkets(); {
  digest: '3467099870'
}
 GET / 500 in 269ms (compile: 8ms, render: 260ms)
⚠ Fast Refresh had to perform a full reload due to a runtime error.
⚠ Fast Refresh had to perform a full reload when ./src/lib/DataProvider.tsx changed. Read more: https://nextjs.org/docs/messages/fast-refresh-reload
⚠ Fast Refresh had to perform a full reload due to a runtime error.
✓ Compiled in 51ms
⨯ ReferenceError: isDemo is not defined
    at DataProvider (src/lib/DataProvider.tsx:90:7)
  88 |       cancelled = true;
  89 |     };
> 90 |   }, [isDemo, user.id]);
     |       ^
  91 |
  92 |   const refreshMarkets = useCallback(async () => {
  93 |     const mkts = await api.listMarkets(); {
  digest: '2294844439'
}
 GET / 500 in 206ms (compile: 52ms, render: 154ms)
⚠ Fast Refresh had to perform a full reload due to a runtime error.
⚠ Fast Refresh had to perform a full reload when ./src/lib/DataProvider.tsx changed. Read more: https://nextjs.org/docs/messages/fast-refresh-reload
⚠ Fast Refresh had to perform a full reload due to a runtime error.
✓ Compiled in 39ms
 GET / 200 in 190ms (compile: 58ms, render: 131ms)
⚠ Fast Refresh had to perform a full reload when ./src/lib/SessionProvider.tsx changed. Read more: https://nextjs.org/docs/messages/fast-refresh-reload
✓ Compiled in 40ms
 GET / 200 in 220ms (compile: 62ms, render: 158ms)
 GET /markets/cef42af4-bac8-49ca-ba40-25c3f55719e3 200 in 2.5s (compile: 2.5s, render: 47ms)
 ELIFECYCLE  Command failed.
[?25h
